
------------------------------------------------------------
2023-07-22 11:47:57.595860    test    发送成功
1234
------------------------------------------------------------
2023-07-22 12:31:19.113514    ALERT.SENDTO    发送成功
ALERT.MESSAGE
------------------------------------------------------------
2023-07-22 12:32:21.873379    ALERT.SENDTO    发送成功
ALERT.MESSAGE
------------------------------------------------------------
2023-07-22 12:37:22.202720    ALERT.SENDTO    发送成功
ALERT.MESSAGE
------------------------------------------------------------
2023-07-22 12:39:19.426064    ALERT.SENDTO    发送成功
ALERT.MESSAGE
------------------------------------------------------------
2023-07-22 12:46:19.897857    ALERT.SENDTO    发送成功
ALERT.MESSAGE
------------------------------------------------------------
2023-07-22 13:03:14.312888    12312312312    发送成功
test
------------------------------------------------------------
2023-07-22 13:10:19.464875    @all    发送成功
告警主机:nas0.hosts.songhu.wang
告警地址:fd01:101::ffff
监控项目:md5sum /etc/hosts
监控取值:b7d7548638dc6142b9888f32cc1747c1  /etc/hosts
告警等级:Average
当前状态:PROBLEM
告警信息:Linux: /etc/hosts  has been changed
告警时间:2023.07.22 13:10:17
事件ID:716
------------------------------------------------------------
2023-07-22 13:13:07.583321    @all    发送成功
告警主机:nas0.hosts.songhu.wang
告警地址:fd01:101::ffff
监控项目:md5sum /etc/hosts
监控取值:b7d7548638dc6142b9888f32cc1747c1  /etc/hosts
告警等级:Average
当前状态:OK
告警信息:Linux: /etc/hosts  has been changed
告警时间:2023.07.22 13:10:17
恢复时间:2023.07.22 13:13:05
持续时间:2m 49s
事件ID:716
------------------------------------------------------------
2023-07-22 13:15:19.749918    @all    发送成功
\r告警主机:nas0.hosts.songhu.wang
告警地址:fd01:101::ffff
监控项目:md5sum /etc/hosts
监控取值:aa1b818fe02aad8c9541ee8ca266ab38  /etc/hosts
告警等级:Average
当前状态:PROBLEM
告警信息:Linux: /etc/hosts  has been changed
告警时间:2023.07.22 13:15:17
事件ID:718
------------------------------------------------------------
2023-07-22 13:17:28.933949    @all    发送成功
告警主机:nas0.hosts.songhu.wang
告警地址:fd01:101::ffff
监控项目:md5sum /etc/hosts
监控取值:aa1b818fe02aad8c9541ee8ca266ab38  /etc/hosts
告警等级:Average
当前状态:OK
告警信息:Linux: /etc/hosts  has been changed
告警时间:2023.07.22 13:15:17
恢复时间:2023.07.22 13:17:25
持续时间:2m 10s
事件ID:718
------------------------------------------------------------
2023-07-22 13:19:20.011252    @all    发送成功
告警主机:nas0.hosts.songhu.wang
告警地址:fd01:101::ffff
监控项目:md5sum /etc/hosts
监控取值:b7d7548638dc6142b9888f32cc1747c1  /etc/hosts
告警等级:Average
当前状态:PROBLEM
告警信息:Linux: /etc/hosts  has been changed
告警时间:2023.07.22 13:19:17
事件ID:720
------------------------------------------------------------
2023-07-22 13:20:14.036614    @all    发送成功
告警主机:nas0.hosts.songhu.wang
告警地址:fd01:101::ffff
监控项目:md5sum /etc/hosts
监控取值:b7d7548638dc6142b9888f32cc1747c1  /etc/hosts
告警等级:Average
当前状态:OK
告警信息:Linux: /etc/hosts  has been changed
告警时间:2023.07.22 13:19:17
恢复时间:2023.07.22 13:20:10
持续时间:55s
事件ID:720
------------------------------------------------------------
2023-07-23 13:38:56.365361    @all    发送成功
告警主机:nas0.hosts.songhu.wang
告警地址:fd01:101::ffff
监控项目:disk sdb power on time hours
监控取值:10000
告警等级:Information
当前状态:PROBLEM
告警信息:disk sdb power on time hours >1w hours
告警时间:2023.07.23 13:38:52
事件ID:736
------------------------------------------------------------
2023-07-23 16:32:21.002185    @all    发送成功
告警主机:nas0.hosts.songhu.wang
告警地址:fd01:101::ffff
监控项目:md5sum /etc/hosts
监控取值:c72405ba5f16a658326a20ecbfed015a  /etc/hosts
告警等级:Average
当前状态:PROBLEM
告警信息:Linux: /etc/hosts  has been changed
告警时间:2023.07.23 16:32:17
事件ID:737
------------------------------------------------------------
2023-07-23 22:00:24.000076    @all    发送成功
告警主机:nas0.hosts.songhu.wang
告警地址:fd01:101::ffff
监控项目:Linux: CPU utilization
监控取值:83.66 %
告警等级:Warning
当前状态:PROBLEM
告警信息:Linux: High CPU utilization
告警时间:2023.07.23 22:00:20
事件ID:738
------------------------------------------------------------
2023-07-23 22:11:22.580134    @all    发送成功
告警主机:nas0.hosts.songhu.wang
告警地址:fd01:101::ffff
监控项目:Linux: CPU utilization
监控取值:50.99 %
告警等级:Warning
当前状态:OK
告警信息:Linux: High CPU utilization
告警时间:2023.07.23 22:00:20
恢复时间:2023.07.23 22:11:20
持续时间:11m 2s
事件ID:738
------------------------------------------------------------
2023-07-23 23:04:47.909945    @all    发送成功
告警主机:nas0.hosts.songhu.wang
告警地址:fd01:101::ffff
监控项目:md5sum /etc/sysconfig/network/config
监控取值:25adbd97090c3685acdddf2ddca16d8e  /etc/sysconfig/network/config
告警等级:Average
当前状态:PROBLEM
告警信息:Linux /etc/sysconfig/network/config  has been changed
告警时间:2023.07.23 23:04:43
事件ID:740
------------------------------------------------------------
2023-07-24 19:07:45.016600    @all    发送成功
告警主机:nas0.hosts.songhu.wang
告警地址:fd01:101::ffff
监控项目:Interface eth1: Operational status
监控取值:down (2)
告警等级:Average
当前状态:PROBLEM
告警信息:Interface eth1: Link down
告警时间:2023.07.24 19:07:42
事件ID:743
------------------------------------------------------------
2023-07-24 19:07:47.670385    @all    发送成功
告警主机:nas0.hosts.songhu.wang
告警地址:fd01:101::ffff
监控项目:Interface svc: Operational status
监控取值:down (2)
告警等级:Average
当前状态:PROBLEM
告警信息:Interface svc: Link down
告警时间:2023.07.24 19:07:43
事件ID:744
------------------------------------------------------------
2023-07-24 19:07:50.704970    @all    发送成功
告警主机:nas0.hosts.songhu.wang
告警地址:fd01:101::ffff
监控项目:Interface bond19: Operational status
监控取值:down (2)
告警等级:Average
当前状态:PROBLEM
告警信息:Interface bond19: Link down
告警时间:2023.07.24 19:07:46
事件ID:745
------------------------------------------------------------
2023-07-24 19:08:44.797734    @all    发送成功
告警主机:nas0.hosts.songhu.wang
告警地址:fd01:101::ffff
监控项目:Interface eth1: Operational status
监控取值:up (6)
告警等级:Average
当前状态:OK
告警信息:Interface eth1: Link down
告警时间:2023.07.24 19:07:42
恢复时间:2023.07.24 19:08:42
持续时间:1m 1s
事件ID:743
------------------------------------------------------------
2023-07-24 19:08:47.838407    @all    发送成功
告警主机:nas0.hosts.songhu.wang
告警地址:fd01:101::ffff
监控项目:Interface svc: Operational status
监控取值:up (6)
告警等级:Average
当前状态:OK
告警信息:Interface svc: Link down
告警时间:2023.07.24 19:07:43
恢复时间:2023.07.24 19:08:43
持续时间:1m 3s
事件ID:744
------------------------------------------------------------
2023-07-24 19:08:50.770316    @all    发送成功
告警主机:nas0.hosts.songhu.wang
告警地址:fd01:101::ffff
监控项目:Interface bond19: Operational status
监控取值:up (6)
告警等级:Average
当前状态:OK
告警信息:Interface bond19: Link down
告警时间:2023.07.24 19:07:46
恢复时间:2023.07.24 19:08:46
持续时间:1m 3s
事件ID:745
------------------------------------------------------------
2023-07-24 19:27:47.158443    @all    发送成功
告警主机:nas0.hosts.songhu.wang
告警地址:fd01:101::ffff
监控项目:Interface eth1: Operational status
监控取值:down (2)
告警等级:Average
当前状态:PROBLEM
告警信息:Interface eth1: Link down
告警时间:2023.07.24 19:27:42
事件ID:757
------------------------------------------------------------
2023-07-24 19:27:47.549012    @all    发送成功
告警主机:nas0.hosts.songhu.wang
告警地址:fd01:101::ffff
监控项目:Interface svc: Operational status
监控取值:down (2)
告警等级:Average
当前状态:PROBLEM
告警信息:Interface svc: Link down
告警时间:2023.07.24 19:27:43
事件ID:758
------------------------------------------------------------
2023-07-24 19:29:26.304109    @all    发送成功
告警主机:nas0.hosts.songhu.wang
告警地址:fd01:101::ffff
监控项目:md5sum /etc/ssh/sshd_config
监控取值:45d3a642a92276046e09a7b858208b6d  /etc/ssh/sshd_config
告警等级:Average
当前状态:PROBLEM
告警信息:Linux: /etc/ssh/sshd_config  has been changed
告警时间:2023.07.24 19:29:21
事件ID:767
------------------------------------------------------------
2023-07-24 19:39:03.014340    @all    发送成功
告警主机:nas0.hosts.songhu.wang
告警地址:fd01:101::ffff
监控项目:Linux: System uptime
监控取值:00:01:20
告警等级:Warning
当前状态:PROBLEM
告警信息:Linux: nas0.hosts.songhu.wang has been restarted
告警时间:2023.07.24 19:38:59
事件ID:797
------------------------------------------------------------
2023-07-24 19:39:45.044082    @all    发送成功
告警主机:nas0.hosts.songhu.wang
告警地址:fd01:101::ffff
监控项目:Interface eth1: Operational status
监控取值:up (6)
告警等级:Average
当前状态:OK
告警信息:Interface eth1: Link down
告警时间:2023.07.24 19:27:42
恢复时间:2023.07.24 19:39:42
持续时间:12m 1s
事件ID:757
------------------------------------------------------------
2023-07-24 19:39:48.033675    @all    发送成功
告警主机:nas0.hosts.songhu.wang
告警地址:fd01:101::ffff
监控项目:Interface svc: Operational status
监控取值:up (6)
告警等级:Average
当前状态:OK
告警信息:Interface svc: Link down
告警时间:2023.07.24 19:27:43
恢复时间:2023.07.24 19:39:43
持续时间:12m 3s
事件ID:758
------------------------------------------------------------
2023-07-24 19:44:50.372010    @all    发送成功
告警主机:nas0.hosts.songhu.wang
告警地址:fd01:101::ffff
监控项目:md5sum /etc/sysconfig/network/ifcfg-eth1
监控取值:e3ed0301d5075e3d7a9ec50efda10353  /etc/sysconfig/network/ifcfg-eth1
告警等级:Average
当前状态:PROBLEM
告警信息:Linux /etc/sysconfig/network/ifcfg-eth1 has been changed
告警时间:2023.07.24 19:44:47
事件ID:823
------------------------------------------------------------
2023-07-24 19:44:53.371779    @all    发送成功
告警主机:nas0.hosts.songhu.wang
告警地址:fd01:101::ffff
监控项目:md5sum /etc/sysconfig/network/ifcfg-om
监控取值:e81d2a855e1bb8845e36c2a6df1c8a17  /etc/sysconfig/network/ifcfg-om
告警等级:Average
当前状态:PROBLEM
告警信息:Linux /etc/sysconfig/network/ifcfg-om has been changed
告警时间:2023.07.24 19:44:48
事件ID:824
------------------------------------------------------------
2023-07-24 19:46:44.525086    @all    发送成功
告警主机:nas0.hosts.songhu.wang
告警地址:fd01:101::ffff
监控项目:Interface eth1: Operational status
监控取值:down (2)
告警等级:Average
当前状态:PROBLEM
告警信息:Interface eth1: Link down
告警时间:2023.07.24 19:46:42
事件ID:825
------------------------------------------------------------
2023-07-24 19:46:47.569385    @all    发送成功
告警主机:nas0.hosts.songhu.wang
告警地址:fd01:101::ffff
监控项目:Interface svc: Operational status
监控取值:down (2)
告警等级:Average
当前状态:PROBLEM
告警信息:Interface svc: Link down
告警时间:2023.07.24 19:46:43
事件ID:826
------------------------------------------------------------
2023-07-24 19:46:47.945578    @all    发送成功
告警主机:nas0.hosts.songhu.wang
告警地址:fd01:101::ffff
监控项目:md5sum /etc/sysconfig/network/ifcfg-bond18
监控取值:de858181ba91f072cf6f99eca1caa530  /etc/sysconfig/network/ifcfg-bond18
告警等级:Average
当前状态:PROBLEM
告警信息:Linux /etc/sysconfig/network/ifcfg-bond18 has been changed
告警时间:2023.07.24 19:46:44
事件ID:827
------------------------------------------------------------
2023-07-24 19:46:48.312211    @all    发送成功
告警主机:nas0.hosts.songhu.wang
告警地址:fd01:101::ffff
监控项目:md5sum /etc/sysconfig/network/ifcfg-bond19
监控取值:148f30b0b13bbbd39d85f9cf3a7c5754  /etc/sysconfig/network/ifcfg-bond19
告警等级:Average
当前状态:PROBLEM
告警信息:Linux /etc/sysconfig/network/ifcfg-bond19 has been changed
告警时间:2023.07.24 19:46:45
事件ID:828
------------------------------------------------------------
2023-07-24 19:46:50.544518    @all    发送成功
告警主机:nas0.hosts.songhu.wang
告警地址:fd01:101::ffff
监控项目:md5sum /etc/sysconfig/network/ifcfg-eth0
监控取值:50cc4030e23ab9f775a5cf7461aa748f  /etc/sysconfig/network/ifcfg-eth0
告警等级:Average
当前状态:PROBLEM
告警信息:Linux /etc/sysconfig/network/ifcfg-eth0 has been changed
告警时间:2023.07.24 19:46:46
事件ID:829
------------------------------------------------------------
2023-07-24 19:46:53.577756    @all    发送成功
告警主机:nas0.hosts.songhu.wang
告警地址:fd01:101::ffff
监控项目:md5sum /etc/sysconfig/network/ifcfg-svc
监控取值:ceaf42650439200a8ab17465aa77e225  /etc/sysconfig/network/ifcfg-svc
告警等级:Average
当前状态:PROBLEM
告警信息:Linux /etc/sysconfig/network/ifcfg-svc has been changed
告警时间:2023.07.24 19:46:50
事件ID:830
------------------------------------------------------------
2023-07-24 19:47:47.610490    @all    发送成功
告警主机:nas0.hosts.songhu.wang
告警地址:fd01:101::ffff
监控项目:Interface eth1: Operational status
监控取值:up (6)
告警等级:Average
当前状态:OK
告警信息:Interface eth1: Link down
告警时间:2023.07.24 19:46:42
恢复时间:2023.07.24 19:47:42
持续时间:1m 4s
事件ID:825
------------------------------------------------------------
2023-07-24 19:47:47.989815    @all    发送成功
告警主机:nas0.hosts.songhu.wang
告警地址:fd01:101::ffff
监控项目:Interface svc: Operational status
监控取值:up (6)
告警等级:Average
当前状态:OK
告警信息:Interface svc: Link down
告警时间:2023.07.24 19:46:43
恢复时间:2023.07.24 19:47:43
持续时间:1m 3s
事件ID:826
------------------------------------------------------------
2023-07-24 19:48:01.708822    @all    发送成功
告警主机:nas0.hosts.songhu.wang
告警地址:fd01:101::ffff
监控项目:Linux: System uptime
监控取值:00:10:20
告警等级:Warning
当前状态:OK
告警信息:Linux: nas0.hosts.songhu.wang has been restarted
告警时间:2023.07.24 19:38:59
恢复时间:2023.07.24 19:47:59
持续时间:9m 2s
事件ID:797
------------------------------------------------------------
2023-07-24 20:04:23.942024    @all    发送成功
告警主机:nas0.hosts.songhu.wang
告警地址:fd01:101::ffff
监控项目:md5sum /etc/hosts
监控取值:c72405ba5f16a658326a20ecbfed015a  /etc/hosts
告警等级:Average
当前状态:OK
告警信息:Linux: /etc/hosts  has been changed
告警时间:2023.07.23 16:32:17
恢复时间:2023.07.24 20:04:20
持续时间:1d 3h 32m 5s
事件ID:737
------------------------------------------------------------
2023-07-24 20:04:32.931906    @all    发送成功
告警主机:nas0.hosts.songhu.wang
告警地址:fd01:101::ffff
监控项目:md5sum /etc/sysconfig/network/config
监控取值:a668b7016dca6200b344b1c8d5884c11  /etc/sysconfig/network/config
告警等级:Average
当前状态:OK
告警信息:Linux /etc/sysconfig/network/config  has been changed
告警时间:2023.07.23 23:04:43
恢复时间:2023.07.24 20:04:30
持续时间:20h 59m 48s
事件ID:740
------------------------------------------------------------
2023-07-24 20:04:56.954745    @all    发送成功
告警主机:nas0.hosts.songhu.wang
告警地址:fd01:101::ffff
监控项目:md5sum /etc/ssh/sshd_config
监控取值:1b4126ad5c1795046dcff2daadbcf621  /etc/ssh/sshd_config
告警等级:Average
当前状态:OK
告警信息:Linux: /etc/ssh/sshd_config  has been changed
告警时间:2023.07.24 19:29:21
恢复时间:2023.07.24 20:04:55
持续时间:35m 34s
事件ID:767
------------------------------------------------------------
2023-07-24 20:05:02.971738    @all    发送成功
告警主机:nas0.hosts.songhu.wang
告警地址:fd01:101::ffff
监控项目:md5sum /etc/sysconfig/network/ifcfg-eth1
监控取值:9566184605ab1d3c1146ac6519f6f61c  /etc/sysconfig/network/ifcfg-eth1
告警等级:Average
当前状态:OK
告警信息:Linux /etc/sysconfig/network/ifcfg-eth1 has been changed
告警时间:2023.07.24 19:44:47
恢复时间:2023.07.24 20:05:00
持续时间:20m 14s
事件ID:823
------------------------------------------------------------
2023-07-24 20:05:12.023658    @all    发送成功
告警主机:nas0.hosts.songhu.wang
告警地址:fd01:101::ffff
监控项目:md5sum /etc/sysconfig/network/ifcfg-svc
监控取值:125812b97896a59a7fdeda3cabca6483  /etc/sysconfig/network/ifcfg-svc
告警等级:Average
当前状态:OK
告警信息:Linux /etc/sysconfig/network/ifcfg-svc has been changed
告警时间:2023.07.24 19:46:50
恢复时间:2023.07.24 20:05:10
持续时间:18m 20s
事件ID:830
------------------------------------------------------------
2023-07-24 20:05:18.046175    @all    发送成功
告警主机:nas0.hosts.songhu.wang
告警地址:fd01:101::ffff
监控项目:md5sum /etc/sysconfig/network/ifcfg-eth0
监控取值:a42795f20e36951c24538b56d1d9d665  /etc/sysconfig/network/ifcfg-eth0
告警等级:Average
当前状态:OK
告警信息:Linux /etc/sysconfig/network/ifcfg-eth0 has been changed
告警时间:2023.07.24 19:46:46
恢复时间:2023.07.24 20:05:15
持续时间:18m 30s
事件ID:829
------------------------------------------------------------
2023-07-24 20:05:23.101418    @all    发送成功
告警主机:nas0.hosts.songhu.wang
告警地址:fd01:101::ffff
监控项目:md5sum /etc/sysconfig/network/ifcfg-bond19
监控取值:fb3cf1bb6ca066d42d4de1f6d8398e2d  /etc/sysconfig/network/ifcfg-bond19
告警等级:Average
当前状态:OK
告警信息:Linux /etc/sysconfig/network/ifcfg-bond19 has been changed
告警时间:2023.07.24 19:46:45
恢复时间:2023.07.24 20:05:20
持续时间:18m 37s
事件ID:828
------------------------------------------------------------
2023-07-24 20:05:29.032211    @all    发送成功
告警主机:nas0.hosts.songhu.wang
告警地址:fd01:101::ffff
监控项目:md5sum /etc/sysconfig/network/ifcfg-bond18
监控取值:14e9e683f53dd60723a1dd4bbe7f5213  /etc/sysconfig/network/ifcfg-bond18
告警等级:Average
当前状态:OK
告警信息:Linux /etc/sysconfig/network/ifcfg-bond18 has been changed
告警时间:2023.07.24 19:46:44
恢复时间:2023.07.24 20:05:25
持续时间:18m 44s
事件ID:827
------------------------------------------------------------
2023-07-24 20:05:32.088738    @all    发送成功
告警主机:nas0.hosts.songhu.wang
告警地址:fd01:101::ffff
监控项目:md5sum /etc/sysconfig/network/ifcfg-om
监控取值:bea9849ff7c5bc812a09b1819ec7281e  /etc/sysconfig/network/ifcfg-om
告警等级:Average
当前状态:OK
告警信息:Linux /etc/sysconfig/network/ifcfg-om has been changed
告警时间:2023.07.24 19:44:48
恢复时间:2023.07.24 20:05:30
持续时间:20m 43s
事件ID:824
------------------------------------------------------------
2023-07-24 20:09:44.320664    @all    发送成功
告警主机:nas0.hosts.songhu.wang
告警地址:fd01:101::ffff
监控项目:Interface eth1: Operational status
监控取值:down (2)
告警等级:Average
当前状态:PROBLEM
告警信息:Interface eth1: Link down
告警时间:2023.07.24 20:09:42
事件ID:852
------------------------------------------------------------
2023-07-24 20:09:47.373757    @all    发送成功
告警主机:nas0.hosts.songhu.wang
告警地址:fd01:101::ffff
监控项目:Interface svc: Operational status
监控取值:down (2)
告警等级:Average
当前状态:PROBLEM
告警信息:Interface svc: Link down
告警时间:2023.07.24 20:09:43
事件ID:854
------------------------------------------------------------
2023-07-24 20:09:50.365357    @all    发送成功
告警主机:nas0.hosts.songhu.wang
告警地址:fd01:101::ffff
监控项目:Interface bond19: Operational status
监控取值:down (2)
告警等级:Average
当前状态:PROBLEM
告警信息:Interface bond19: Link down
告警时间:2023.07.24 20:09:46
事件ID:856
------------------------------------------------------------
2023-07-24 20:11:44.476138    @all    发送成功
告警主机:nas0.hosts.songhu.wang
告警地址:fd01:101::ffff
监控项目:Interface eth1: Operational status
监控取值:up (6)
告警等级:Average
当前状态:OK
告警信息:Interface eth1: Link down
告警时间:2023.07.24 20:09:42
恢复时间:2023.07.24 20:11:42
持续时间:2m 1s
事件ID:852
------------------------------------------------------------
2023-07-24 20:11:47.493311    @all    发送成功
告警主机:nas0.hosts.songhu.wang
告警地址:fd01:101::ffff
监控项目:Interface svc: Operational status
监控取值:up (6)
告警等级:Average
当前状态:OK
告警信息:Interface svc: Link down
告警时间:2023.07.24 20:09:43
恢复时间:2023.07.24 20:11:43
持续时间:2m 3s
事件ID:854
------------------------------------------------------------
2023-07-24 20:11:50.525845    @all    发送成功
告警主机:nas0.hosts.songhu.wang
告警地址:fd01:101::ffff
监控项目:Interface bond19: Operational status
监控取值:up (6)
告警等级:Average
当前状态:OK
告警信息:Interface bond19: Link down
告警时间:2023.07.24 20:09:46
恢复时间:2023.07.24 20:11:46
持续时间:2m 3s
事件ID:856
------------------------------------------------------------
2023-07-25 21:03:26.750029    @all    发送成功
告警主机:nas0.hosts.songhu.wang
告警地址:fd01:101::ffff
监控项目:Linux: Zabbix agent availability
监控取值:not available (0)
告警等级:Average
当前状态:PROBLEM
告警信息:Linux: Zabbix agent is not available
告警时间:2023.07.25 21:03:22
事件ID:865
------------------------------------------------------------
2023-07-25 21:57:26.479908    @all    发送成功
告警主机:nas0.hosts.songhu.wang
告警地址:fd01:101::ffff
监控项目:Linux: Zabbix agent availability
监控取值:available (1)
告警等级:Average
当前状态:OK
告警信息:Linux: Zabbix agent is not available
告警时间:2023.07.25 21:03:22
恢复时间:2023.07.25 21:57:22
持续时间:54m 3s
事件ID:865
------------------------------------------------------------
2023-07-26 21:59:14.744672    @all    发送成功
告警主机:nas0.hosts.songhu.wang
告警地址:fd01:101::ffff
监控项目:/1.storage.nas0.hosts.songhu.wang: Space utilization
监控取值:80.01 %
告警等级:Warning
当前状态:PROBLEM
告警信息:/1.storage.nas0.hosts.songhu.wang: Disk space is low
告警时间:2023.07.26 21:59:10
事件ID:899
------------------------------------------------------------
2023-07-26 21:59:17.387890    @all    发送成功
告警主机:nas0.hosts.songhu.wang
告警地址:fd01:101::ffff
监控项目:md5sum /etc/chrony.conf
监控取值:/usr/bin/md5sum: /etc/chrony.conf: Permission denied
告警等级:Average
当前状态:PROBLEM
告警信息:Linux: /etc/chrony.conf  has been changed
告警时间:2023.07.26 21:59:11
事件ID:900
------------------------------------------------------------
2023-07-26 21:59:26.485962    @all    发送成功
告警主机:nas0.hosts.songhu.wang
告警地址:fd01:101::ffff
监控项目:md5sum /etc/ssh/sshd_config
监控取值:/usr/bin/md5sum: /etc/ssh/sshd_config: Permission denied
告警等级:Average
当前状态:PROBLEM
告警信息:Linux: /etc/ssh/sshd_config  has been changed
告警时间:2023.07.26 21:59:21
事件ID:901
------------------------------------------------------------
2023-07-26 22:00:53.572188    @all    发送成功
告警主机:nas0.hosts.songhu.wang
告警地址:fd01:101::ffff
监控项目:md5sum /etc/ssh/sshd_config
监控取值:/usr/bin/md5sum: /etc/ssh/sshd_config: Permission denied
告警等级:Average
当前状态:OK
告警信息:Linux: /etc/ssh/sshd_config  has been changed
告警时间:2023.07.26 21:59:21
恢复时间:2023.07.26 22:00:50
持续时间:1m 31s
事件ID:901
------------------------------------------------------------
2023-07-26 22:01:08.607677    @all    发送成功
告警主机:nas0.hosts.songhu.wang
告警地址:fd01:101::ffff
监控项目:md5sum /etc/chrony.conf
监控取值:/usr/bin/md5sum: /etc/chrony.conf: Permission denied
告警等级:Average
当前状态:OK
告警信息:Linux: /etc/chrony.conf  has been changed
告警时间:2023.07.26 21:59:11
恢复时间:2023.07.26 22:01:05
持续时间:1m 56s
事件ID:900
------------------------------------------------------------
2023-07-26 22:08:21.279984    @all    发送成功
告警主机:nas0.hosts.songhu.wang
告警地址:fd01:101::ffff
监控项目:md5sum /etc/hosts
监控取值:0fb9efe9757dcf3da928ef45727093f3  /etc/hosts
告警等级:Average
当前状态:PROBLEM
告警信息:Linux: /etc/hosts  has been changed
告警时间:2023.07.26 22:08:17
事件ID:922
------------------------------------------------------------
2023-07-26 22:08:39.366121    @all    发送成功
告警主机:nas0.hosts.songhu.wang
告警地址:fd01:101::ffff
监控项目:md5sum /etc/hosts
监控取值:0fb9efe9757dcf3da928ef45727093f3  /etc/hosts
告警等级:Average
当前状态:OK
告警信息:Linux: /etc/hosts  has been changed
告警时间:2023.07.26 22:08:17
恢复时间:2023.07.26 22:08:35
持续时间:20s
事件ID:922
------------------------------------------------------------
2023-07-26 22:14:35.815657    @all    发送成功
告警主机:nas0.hosts.songhu.wang
告警地址:fd01:101::ffff
监控项目:md5sum /etc/hosts
监控取值:c72405ba5f16a658326a20ecbfed015a  /etc/hosts
告警等级:Average
当前状态:PROBLEM
告警信息:Linux: /etc/hosts  has been changed
告警时间:2023.07.26 22:12:17
事件ID:924
------------------------------------------------------------
2023-07-26 22:36:57.506216    @all    发送成功
告警主机:nas0.hosts.songhu.wang
告警地址:fd01:101::ffff
监控项目:md5sum /etc/hosts
监控取值:0fb9efe9757dcf3da928ef45727093f3  /etc/hosts
告警等级:Average
当前状态:OK
告警信息:Linux: /etc/hosts  has been changed
告警时间:2023.07.26 22:12:17
恢复时间:2023.07.26 22:36:55
持续时间:24m 38s
事件ID:924
------------------------------------------------------------
2023-07-26 22:41:22.684893    @all    发送成功
告警主机:nas0.hosts.songhu.wang
告警地址:fd01:101::ffff
监控项目:md5sum /etc/hosts
监控取值:c72405ba5f16a658326a20ecbfed015a  /etc/hosts
告警等级:Average
当前状态:PROBLEM
告警信息:Linux: /etc/hosts  has been changed
告警时间:2023.07.26 22:41:17
事件ID:926
------------------------------------------------------------
2023-07-26 22:42:07.709712    @all    发送成功
告警主机:nas0.hosts.songhu.wang
告警地址:fd01:101::ffff
监控项目:md5sum /etc/hosts
监控取值:c72405ba5f16a658326a20ecbfed015a  /etc/hosts
告警等级:Average
当前状态:OK
告警信息:Linux: /etc/hosts  has been changed
告警时间:2023.07.26 22:41:17
恢复时间:2023.07.26 22:42:05
持续时间:50s
事件ID:926
------------------------------------------------------------
2023-07-27 21:02:17.452795    @all    发送成功
告警主机:nas0.hosts.songhu.wang
告警地址:fd01:101::ffff
监控项目:md5sum /etc/passwd
监控取值:3bbe5872a6e12d3d7375b21710d77e99  /etc/passwd
告警等级:Average
当前状态:PROBLEM
告警信息:Linux: /etc/passwd  has been changed
告警时间:2023.07.27 21:02:11
事件ID:928
------------------------------------------------------------
2023-07-27 21:02:17.860914    @all    发送成功
告警主机:nas0.hosts.songhu.wang
告警地址:fd01:101::ffff
监控项目:md5sum /etc/group
监控取值:efe2dee05617dac61e07ae2f94e686e5  /etc/group
告警等级:Average
当前状态:PROBLEM
告警信息:Linux: /etc/group  has been changed
告警时间:2023.07.27 21:02:13
事件ID:929
------------------------------------------------------------
2023-07-27 21:29:20.014546    @all    发送成功
告警主机:nas0.hosts.songhu.wang
告警地址:fd01:101::ffff
监控项目:md5sum /etc/hosts
监控取值:f9cf93ff802715cb9207cc3808214f50  /etc/hosts
告警等级:Average
当前状态:PROBLEM
告警信息:Linux: /etc/hosts  has been changed
告警时间:2023.07.27 21:29:17
事件ID:930
------------------------------------------------------------
2023-07-27 21:33:02.303699    @all    发送成功
告警主机:nas0.hosts.songhu.wang
告警地址:fd01:101::ffff
监控项目:md5sum /etc/passwd
监控取值:3bbe5872a6e12d3d7375b21710d77e99  /etc/passwd
告警等级:Average
当前状态:OK
告警信息:Linux: /etc/passwd  has been changed
告警时间:2023.07.27 21:02:11
恢复时间:2023.07.27 21:33:00
持续时间:30m 50s
事件ID:928
------------------------------------------------------------
2023-07-27 21:33:08.322846    @all    发送成功
告警主机:nas0.hosts.songhu.wang
告警地址:fd01:101::ffff
监控项目:md5sum /etc/hosts
监控取值:9767c0b66d7105108fbbf44222b4f57c  /etc/hosts
告警等级:Average
当前状态:OK
告警信息:Linux: /etc/hosts  has been changed
告警时间:2023.07.27 21:29:17
恢复时间:2023.07.27 21:33:05
持续时间:3m 50s
事件ID:930
------------------------------------------------------------
2023-07-27 22:25:23.462160    @all    发送成功
告警主机:nas0.hosts.songhu.wang
告警地址:fd01:101::ffff
监控项目:md5sum /etc/hosts
监控取值:02a065857771fe7fe86a1eaa07bff20f  /etc/hosts
告警等级:Average
当前状态:PROBLEM
告警信息:Linux: /etc/hosts  has been changed
告警时间:2023.07.27 22:25:17
事件ID:938
------------------------------------------------------------
2023-07-29 10:14:17.729527    @all    发送成功
告警主机:nas0.hosts.songhu.wang
告警地址:fd01:101::ffff
监控项目:md5sum /etc/passwd
监控取值:26387e90ede1ebaeae1fc163b688b5f9  /etc/passwd
告警等级:Average
当前状态:PROBLEM
告警信息:Linux: /etc/passwd  has been changed
告警时间:2023.07.29 10:14:11
事件ID:939
------------------------------------------------------------
2023-07-29 10:20:49.824073    @all    发送成功
告警主机:nas0.hosts.songhu.wang
告警地址:fd01:101::ffff
监控项目:md5sum /etc/sysconfig/network/ifcfg-eth0
监控取值:50cc4030e23ab9f775a5cf7461aa748f  /etc/sysconfig/network/ifcfg-eth0
告警等级:Average
当前状态:PROBLEM
告警信息:Linux /etc/sysconfig/network/ifcfg-eth0 has been changed
告警时间:2023.07.29 10:20:46
事件ID:940
------------------------------------------------------------
2023-07-29 10:20:52.817000    @all    发送成功
告警主机:nas0.hosts.songhu.wang
告警地址:fd01:101::ffff
监控项目:md5sum /etc/sysconfig/network/ifcfg-om
监控取值:dc5321556eaef2834ae52bef2aff6d3d  /etc/sysconfig/network/ifcfg-om
告警等级:Average
当前状态:PROBLEM
告警信息:Linux /etc/sysconfig/network/ifcfg-om has been changed
告警时间:2023.07.29 10:20:48
事件ID:942
------------------------------------------------------------
2023-07-29 10:20:53.231874    @all    发送成功
告警主机:nas0.hosts.songhu.wang
告警地址:fd01:101::ffff
监控项目:md5sum /etc/sysconfig/network/ifcfg-eth1
监控取值:e3ed0301d5075e3d7a9ec50efda10353  /etc/sysconfig/network/ifcfg-eth1
告警等级:Average
当前状态:PROBLEM
告警信息:Linux /etc/sysconfig/network/ifcfg-eth1 has been changed
告警时间:2023.07.29 10:20:47
事件ID:941
------------------------------------------------------------
2023-07-29 10:20:55.850101    @all    发送成功
告警主机:nas0.hosts.songhu.wang
告警地址:fd01:101::ffff
监控项目:md5sum /etc/sysconfig/network/ifcfg-svc
监控取值:94233d3860ddf918bef06543bd20f0e1  /etc/sysconfig/network/ifcfg-svc
告警等级:Average
当前状态:PROBLEM
告警信息:Linux /etc/sysconfig/network/ifcfg-svc has been changed
告警时间:2023.07.29 10:20:50
事件ID:943
------------------------------------------------------------
2023-07-29 10:59:08.706015    @all    发送成功
告警主机:nas0.hosts.songhu.wang
告警地址:fd01:101::ffff
监控项目:/opt/apps/gitea: Space utilization
监控取值:80.48 %
告警等级:Warning
当前状态:PROBLEM
告警信息:/opt/apps/gitea: Disk space is low
告警时间:2023.07.29 10:59:04
事件ID:944
------------------------------------------------------------
2023-07-29 11:07:47.356095    @all    发送成功
告警主机:nas0.hosts.songhu.wang
告警地址:fd01:101::ffff
监控项目:md5sum /etc/sysconfig/network/config
监控取值:dd50792df33eddc13d5fb7e4c6ca184f  /etc/sysconfig/network/config
告警等级:Average
当前状态:PROBLEM
告警信息:Linux /etc/sysconfig/network/config  has been changed
告警时间:2023.07.29 11:07:43
事件ID:945
------------------------------------------------------------
2023-07-29 11:08:23.407249    @all    发送成功
告警主机:nas0.hosts.songhu.wang
告警地址:fd01:101::ffff
监控项目:md5sum /etc/sysconfig/network/config
监控取值:dd50792df33eddc13d5fb7e4c6ca184f  /etc/sysconfig/network/config
告警等级:Average
当前状态:OK
告警信息:Linux /etc/sysconfig/network/config  has been changed
告警时间:2023.07.29 11:07:43
恢复时间:2023.07.29 11:08:20
持续时间:39s
事件ID:945
------------------------------------------------------------
2023-07-29 11:08:32.401089    @all    发送成功
告警主机:nas0.hosts.songhu.wang
告警地址:fd01:101::ffff
监控项目:md5sum /etc/sysconfig/network/ifcfg-svc
监控取值:23dedf771228d9f0f32e04a238642508  /etc/sysconfig/network/ifcfg-svc
告警等级:Average
当前状态:OK
告警信息:Linux /etc/sysconfig/network/ifcfg-svc has been changed
告警时间:2023.07.29 10:20:50
恢复时间:2023.07.29 11:08:30
持续时间:47m 41s
事件ID:943
------------------------------------------------------------
2023-07-29 11:08:38.437958    @all    发送成功
告警主机:nas0.hosts.songhu.wang
告警地址:fd01:101::ffff
监控项目:md5sum /etc/sysconfig/network/ifcfg-om
监控取值:0ee44e8d995242e7221e3bc14357dafd  /etc/sysconfig/network/ifcfg-om
告警等级:Average
当前状态:OK
告警信息:Linux /etc/sysconfig/network/ifcfg-om has been changed
告警时间:2023.07.29 10:20:48
恢复时间:2023.07.29 11:08:35
持续时间:47m 49s
事件ID:942
------------------------------------------------------------
2023-07-29 11:08:44.453080    @all    发送成功
告警主机:nas0.hosts.songhu.wang
告警地址:fd01:101::ffff
监控项目:md5sum /etc/sysconfig/network/ifcfg-eth1
监控取值:e3ed0301d5075e3d7a9ec50efda10353  /etc/sysconfig/network/ifcfg-eth1
告警等级:Average
当前状态:OK
告警信息:Linux /etc/sysconfig/network/ifcfg-eth1 has been changed
告警时间:2023.07.29 10:20:47
恢复时间:2023.07.29 11:08:40
持续时间:47m 56s
事件ID:941
------------------------------------------------------------
2023-07-29 11:08:47.457080    @all    发送成功
告警主机:nas0.hosts.songhu.wang
告警地址:fd01:101::ffff
监控项目:md5sum /etc/passwd
监控取值:26387e90ede1ebaeae1fc163b688b5f9  /etc/passwd
告警等级:Average
当前状态:OK
告警信息:Linux: /etc/passwd  has been changed
告警时间:2023.07.29 10:14:11
恢复时间:2023.07.29 11:08:45
持续时间:54m 35s
事件ID:939
------------------------------------------------------------
2023-07-29 11:08:47.866420    @all    发送成功
告警主机:nas0.hosts.songhu.wang
告警地址:fd01:101::ffff
监控项目:md5sum /etc/sysconfig/network/ifcfg-eth0
监控取值:50cc4030e23ab9f775a5cf7461aa748f  /etc/sysconfig/network/ifcfg-eth0
告警等级:Average
当前状态:OK
告警信息:Linux /etc/sysconfig/network/ifcfg-eth0 has been changed
告警时间:2023.07.29 10:20:46
恢复时间:2023.07.29 11:08:45
持续时间:48m 0s
事件ID:940
------------------------------------------------------------
2023-07-29 11:08:59.483154    @all    发送成功
告警主机:nas0.hosts.songhu.wang
告警地址:fd01:101::ffff
监控项目:md5sum /etc/hosts
监控取值:66160f8f116ea41b350f9232072a1629  /etc/hosts
告警等级:Average
当前状态:OK
告警信息:Linux: /etc/hosts  has been changed
告警时间:2023.07.27 22:25:17
恢复时间:2023.07.29 11:08:55
持续时间:1d 12h 43m 41s
事件ID:938
------------------------------------------------------------
2023-07-29 11:09:02.466386    @all    发送成功
告警主机:nas0.hosts.songhu.wang
告警地址:fd01:101::ffff
监控项目:md5sum /etc/group
监控取值:7533d3faab0ecc1478f428b72fad6f51  /etc/group
告警等级:Average
当前状态:OK
告警信息:Linux: /etc/group  has been changed
告警时间:2023.07.27 21:02:13
恢复时间:2023.07.29 11:09:00
持续时间:1d 14h 6m 48s
事件ID:929
------------------------------------------------------------
2023-07-30 01:32:48.101607    @all    发送成功
告警主机:nas0.hosts.songhu.wang
告警地址:fd01:101::ffff
监控项目:md5sum /etc/sysconfig/network/ifcfg-bond18
监控取值:/usr/bin/md5sum: /etc/sysconfig/network/ifcfg-bond18: Permission denied
告警等级:Average
当前状态:PROBLEM
告警信息:Linux /etc/sysconfig/network/ifcfg-bond18 has been changed
告警时间:2023.07.30 01:32:44
事件ID:962
------------------------------------------------------------
2023-07-30 01:32:50.702078    @all    发送成功
告警主机:nas0.hosts.songhu.wang
告警地址:fd01:101::ffff
监控项目:md5sum /etc/sysconfig/network/ifcfg-eth0
监控取值:/usr/bin/md5sum: /etc/sysconfig/network/ifcfg-eth0: Permission denied
告警等级:Average
当前状态:PROBLEM
告警信息:Linux /etc/sysconfig/network/ifcfg-eth0 has been changed
告警时间:2023.07.30 01:32:46
事件ID:963
------------------------------------------------------------
2023-07-30 01:32:53.672990    @all    发送成功
告警主机:nas0.hosts.songhu.wang
告警地址:fd01:101::ffff
监控项目:md5sum /etc/sysconfig/network/ifcfg-om
监控取值:/usr/bin/md5sum: /etc/sysconfig/network/ifcfg-om: Permission denied
告警等级:Average
当前状态:PROBLEM
告警信息:Linux /etc/sysconfig/network/ifcfg-om has been changed
告警时间:2023.07.30 01:32:48
事件ID:964
------------------------------------------------------------
2023-07-30 01:32:54.062765    @all    发送成功
告警主机:nas0.hosts.songhu.wang
告警地址:fd01:101::ffff
监控项目:md5sum /etc/sysconfig/network/ifcfg-svc
监控取值:712418cf10146f39e30a59bee1d06a78  /etc/sysconfig/network/ifcfg-svc
告警等级:Average
当前状态:PROBLEM
告警信息:Linux /etc/sysconfig/network/ifcfg-svc has been changed
告警时间:2023.07.30 01:32:50
事件ID:965
------------------------------------------------------------
2023-07-30 01:33:14.781984    @all    发送成功
告警主机:nas0.hosts.songhu.wang
告警地址:fd01:101::ffff
监控项目:md5sum /etc/passwd
监控取值:5c067b5d11f2202981aa01ea9107465c  /etc/passwd
告警等级:Average
当前状态:PROBLEM
告警信息:Linux: /etc/passwd  has been changed
告警时间:2023.07.30 01:33:11
事件ID:966
------------------------------------------------------------
2023-07-30 01:33:17.718343    @all    发送成功
告警主机:nas0.hosts.songhu.wang
告警地址:fd01:101::ffff
监控项目:md5sum /etc/group
监控取值:aaa8229327d836c8689535c329fef72f  /etc/group
告警等级:Average
当前状态:PROBLEM
告警信息:Linux: /etc/group  has been changed
告警时间:2023.07.30 01:33:13
事件ID:967
------------------------------------------------------------
2023-07-30 01:37:23.013485    @all    发送成功
告警主机:nas0.hosts.songhu.wang
告警地址:fd01:101::ffff
监控项目:md5sum /etc/sysconfig/network/ifcfg-bond18
监控取值:/usr/bin/md5sum: /etc/sysconfig/network/ifcfg-bond18: Permission denied
告警等级:Average
当前状态:OK
告警信息:Linux /etc/sysconfig/network/ifcfg-bond18 has been changed
告警时间:2023.07.30 01:32:44
恢复时间:2023.07.30 01:37:20
持续时间:4m 38s
事件ID:962
------------------------------------------------------------
2023-07-30 01:37:26.043328    @all    发送成功
告警主机:nas0.hosts.songhu.wang
告警地址:fd01:101::ffff
监控项目:md5sum /etc/sysconfig/network/ifcfg-eth0
监控取值:/usr/bin/md5sum: /etc/sysconfig/network/ifcfg-eth0: Permission denied
告警等级:Average
当前状态:OK
告警信息:Linux /etc/sysconfig/network/ifcfg-eth0 has been changed
告警时间:2023.07.30 01:32:46
恢复时间:2023.07.30 01:37:25
持续时间:4m 39s
事件ID:963
------------------------------------------------------------
2023-07-30 01:37:32.061435    @all    发送成功
告警主机:nas0.hosts.songhu.wang
告警地址:fd01:101::ffff
监控项目:md5sum /etc/sysconfig/network/ifcfg-svc
监控取值:712418cf10146f39e30a59bee1d06a78  /etc/sysconfig/network/ifcfg-svc
告警等级:Average
当前状态:OK
告警信息:Linux /etc/sysconfig/network/ifcfg-svc has been changed
告警时间:2023.07.30 01:32:50
恢复时间:2023.07.30 01:37:30
持续时间:4m 41s
事件ID:965
------------------------------------------------------------
2023-07-30 01:37:38.063695    @all    发送成功
告警主机:nas0.hosts.songhu.wang
告警地址:fd01:101::ffff
监控项目:md5sum /etc/sysconfig/network/ifcfg-om
监控取值:/usr/bin/md5sum: /etc/sysconfig/network/ifcfg-om: Permission denied
告警等级:Average
当前状态:OK
告警信息:Linux /etc/sysconfig/network/ifcfg-om has been changed
告警时间:2023.07.30 01:32:48
恢复时间:2023.07.30 01:37:35
持续时间:4m 49s
事件ID:964
------------------------------------------------------------
2023-07-30 01:37:41.068968    @all    发送成功
告警主机:nas0.hosts.songhu.wang
告警地址:fd01:101::ffff
监控项目:md5sum /etc/passwd
监控取值:5c067b5d11f2202981aa01ea9107465c  /etc/passwd
告警等级:Average
当前状态:OK
告警信息:Linux: /etc/passwd  has been changed
告警时间:2023.07.30 01:33:11
恢复时间:2023.07.30 01:37:40
持续时间:4m 29s
事件ID:966
------------------------------------------------------------
2023-07-30 01:37:47.067526    @all    发送成功
告警主机:nas0.hosts.songhu.wang
告警地址:fd01:101::ffff
监控项目:md5sum /etc/group
监控取值:aaa8229327d836c8689535c329fef72f  /etc/group
告警等级:Average
当前状态:OK
告警信息:Linux: /etc/group  has been changed
告警时间:2023.07.30 01:33:13
恢复时间:2023.07.30 01:37:45
持续时间:4m 33s
事件ID:967
------------------------------------------------------------
2023-07-30 01:45:23.659527    @all    发送成功
告警主机:nas0.hosts.songhu.wang
告警地址:fd01:101::ffff
监控项目:md5sum /etc/ssh/sshd_config
监控取值:df9fd94be7108aed91a5e4efd8aeff76  /etc/ssh/sshd_config
告警等级:Average
当前状态:PROBLEM
告警信息:Linux: /etc/ssh/sshd_config  has been changed
告警时间:2023.07.30 01:45:22
事件ID:998
------------------------------------------------------------
2023-07-30 01:45:47.648890    @all    发送成功
告警主机:nas0.hosts.songhu.wang
告警地址:fd01:101::ffff
监控项目:md5sum /etc/sysconfig/network/ifcfg-bond18
监控取值:95028648a4fd530101d4cfc8a52680de  /etc/sysconfig/network/ifcfg-bond18
告警等级:Average
当前状态:PROBLEM
告警信息:Linux /etc/sysconfig/network/ifcfg-bond18 has been changed
告警时间:2023.07.30 01:45:44
事件ID:999
------------------------------------------------------------
2023-07-30 01:45:50.647770    @all    发送成功
告警主机:nas0.hosts.songhu.wang
告警地址:fd01:101::ffff
监控项目:md5sum /etc/sysconfig/network/ifcfg-om
监控取值:4d640032144b55a0c3b1a57b2d3b3603  /etc/sysconfig/network/ifcfg-om
告警等级:Average
当前状态:PROBLEM
告警信息:Linux /etc/sysconfig/network/ifcfg-om has been changed
告警时间:2023.07.30 01:45:48
事件ID:1001
------------------------------------------------------------
2023-07-30 01:45:51.028149    @all    发送成功
告警主机:nas0.hosts.songhu.wang
告警地址:fd01:101::ffff
监控项目:md5sum /etc/sysconfig/network/ifcfg-eth0
监控取值:abee1c95497509905b38cad46f8a13e0  /etc/sysconfig/network/ifcfg-eth0
告警等级:Average
当前状态:PROBLEM
告警信息:Linux /etc/sysconfig/network/ifcfg-eth0 has been changed
告警时间:2023.07.30 01:45:46
事件ID:1000
------------------------------------------------------------
2023-07-30 01:46:14.677737    @all    发送成功
告警主机:nas0.hosts.songhu.wang
告警地址:fd01:101::ffff
监控项目:md5sum /etc/chrony.conf
监控取值:8f94c3e34e2444a93f831e0411414634  /etc/chrony.conf
告警等级:Average
当前状态:PROBLEM
告警信息:Linux: /etc/chrony.conf  has been changed
告警时间:2023.07.30 01:46:11
事件ID:1007
------------------------------------------------------------
2023-07-30 01:49:31.925823    @all    发送成功
告警主机:nas0.hosts.songhu.wang
告警地址:fd01:101::ffff
监控项目:md5sum /etc/ssh/sshd_config
监控取值:df9fd94be7108aed91a5e4efd8aeff76  /etc/ssh/sshd_config
告警等级:Average
当前状态:OK
告警信息:Linux: /etc/ssh/sshd_config  has been changed
告警时间:2023.07.30 01:45:22
恢复时间:2023.07.30 01:49:30
持续时间:4m 9s
事件ID:998
------------------------------------------------------------
2023-07-30 01:49:37.929821    @all    发送成功
告警主机:nas0.hosts.songhu.wang
告警地址:fd01:101::ffff
监控项目:md5sum /etc/sysconfig/network/ifcfg-bond18
监控取值:95028648a4fd530101d4cfc8a52680de  /etc/sysconfig/network/ifcfg-bond18
告警等级:Average
当前状态:OK
告警信息:Linux /etc/sysconfig/network/ifcfg-bond18 has been changed
告警时间:2023.07.30 01:45:44
恢复时间:2023.07.30 01:49:35
持续时间:3m 53s
事件ID:999
------------------------------------------------------------
2023-07-30 01:49:43.940635    @all    发送成功
告警主机:nas0.hosts.songhu.wang
告警地址:fd01:101::ffff
监控项目:md5sum /etc/sysconfig/network/ifcfg-eth0
监控取值:abee1c95497509905b38cad46f8a13e0  /etc/sysconfig/network/ifcfg-eth0
告警等级:Average
当前状态:OK
告警信息:Linux /etc/sysconfig/network/ifcfg-eth0 has been changed
告警时间:2023.07.30 01:45:46
恢复时间:2023.07.30 01:49:40
持续时间:3m 57s
事件ID:1000
------------------------------------------------------------
2023-07-30 01:49:46.976326    @all    发送成功
告警主机:nas0.hosts.songhu.wang
告警地址:fd01:101::ffff
监控项目:md5sum /etc/chrony.conf
监控取值:8f94c3e34e2444a93f831e0411414634  /etc/chrony.conf
告警等级:Average
当前状态:OK
告警信息:Linux: /etc/chrony.conf  has been changed
告警时间:2023.07.30 01:46:11
恢复时间:2023.07.30 01:49:45
持续时间:3m 35s
事件ID:1007
------------------------------------------------------------
2023-07-30 01:49:47.370269    @all    发送成功
告警主机:nas0.hosts.songhu.wang
告警地址:fd01:101::ffff
监控项目:md5sum /etc/sysconfig/network/ifcfg-om
监控取值:4d640032144b55a0c3b1a57b2d3b3603  /etc/sysconfig/network/ifcfg-om
告警等级:Average
当前状态:OK
告警信息:Linux /etc/sysconfig/network/ifcfg-om has been changed
告警时间:2023.07.30 01:45:48
恢复时间:2023.07.30 01:49:45
持续时间:3m 58s
事件ID:1001
------------------------------------------------------------
2023-07-30 08:23:23.779226    @all    发送成功
告警主机:nas0.hosts.songhu.wang
告警地址:fd01:101::ffff
监控项目:Linux: CPU utilization
监控取值:98.11 %
告警等级:Warning
当前状态:PROBLEM
告警信息:Linux: High CPU utilization
告警时间:2023.07.30 08:23:20
事件ID:1013
------------------------------------------------------------
2023-07-30 08:24:23.532317    @all    发送成功
告警主机:nas0.hosts.songhu.wang
告警地址:fd01:101::ffff
监控项目:Linux: CPU utilization
监控取值:70.21 %
告警等级:Warning
当前状态:OK
告警信息:Linux: High CPU utilization
告警时间:2023.07.30 08:23:20
恢复时间:2023.07.30 08:24:20
持续时间:1m 2s
事件ID:1013
------------------------------------------------------------
2023-07-30 08:29:25.973542    @all    发送成功
告警主机:nas0.hosts.songhu.wang
告警地址:fd01:101::ffff
监控项目:Linux: CPU utilization
监控取值:97.81 %
告警等级:Warning
当前状态:PROBLEM
告警信息:Linux: High CPU utilization
告警时间:2023.07.30 08:29:20
事件ID:1015
------------------------------------------------------------
2023-07-30 08:30:16.969219    @all    发送成功
告警主机:nas0.hosts.songhu.wang
告警地址:fd01:101::ffff
监控项目:Linux: Load average (1m avg)
监控取值:3.57
告警等级:Average
当前状态:PROBLEM
告警信息:Linux: Load average is too high
告警时间:2023.07.30 08:30:13
事件ID:1016
------------------------------------------------------------
2023-07-30 08:34:08.240012    @all    发送成功
告警主机:nas0.hosts.songhu.wang
告警地址:fd01:101::ffff
监控项目:/opt/apps/gitea: Space utilization
监控取值:90.38 %
告警等级:Average
当前状态:PROBLEM
告警信息:/opt/apps/gitea: Disk space is critically low
告警时间:2023.07.30 08:34:04
事件ID:1017
------------------------------------------------------------
2023-07-30 08:34:14.229695    @all    发送成功
告警主机:nas0.hosts.songhu.wang
告警地址:fd01:101::ffff
监控项目:/1.storage.nas0.hosts.songhu.wang: Space utilization
监控取值:90.38 %
告警等级:Average
当前状态:PROBLEM
告警信息:/1.storage.nas0.hosts.songhu.wang: Disk space is critically low
告警时间:2023.07.30 08:34:10
事件ID:1018
------------------------------------------------------------
2023-07-30 08:42:52.898083    @all    发送成功
告警主机:nas0.hosts.songhu.wang
告警地址:fd01:101::ffff
监控项目:Linux: Load average (1m avg)
监控取值:2.89
告警等级:Average
当前状态:OK
告警信息:Linux: Load average is too high
告警时间:2023.07.30 08:30:13
恢复时间:2023.07.30 08:42:50
持续时间:12m 39s
事件ID:1016
------------------------------------------------------------
2023-07-30 08:43:22.905416    @all    发送成功
告警主机:nas0.hosts.songhu.wang
告警地址:fd01:101::ffff
监控项目:Linux: CPU utilization
监控取值:28.43 %
告警等级:Warning
当前状态:OK
告警信息:Linux: High CPU utilization
告警时间:2023.07.30 08:29:20
恢复时间:2023.07.30 08:43:20
持续时间:14m 2s
事件ID:1015
------------------------------------------------------------
2023-07-30 08:50:14.417500    @all    发送成功
告警主机:nas0.hosts.songhu.wang
告警地址:fd01:101::ffff
监控项目:/1.storage.nas0.hosts.songhu.wang: Space utilization
监控取值:88.61 %
告警等级:Average
当前状态:OK
告警信息:/1.storage.nas0.hosts.songhu.wang: Disk space is critically low
告警时间:2023.07.30 08:34:10
恢复时间:2023.07.30 08:50:10
持续时间:16m 3s
事件ID:1018
------------------------------------------------------------
2023-07-30 08:51:08.466499    @all    发送成功
告警主机:nas0.hosts.songhu.wang
告警地址:fd01:101::ffff
监控项目:/opt/apps/gitea: Space utilization
监控取值:88.61 %
告警等级:Average
当前状态:OK
告警信息:/opt/apps/gitea: Disk space is critically low
告警时间:2023.07.30 08:34:04
恢复时间:2023.07.30 08:51:04
持续时间:17m 3s
事件ID:1017
------------------------------------------------------------
2023-07-31 10:53:21.015723    @all    发送成功
告警主机:nas0.hosts.songhu.wang
告警地址:fd01:101::ffff
监控项目:md5sum /etc/hosts
监控取值:669fa75e183db6cc794e16f92a5693a0  /etc/hosts
告警等级:Average
当前状态:PROBLEM
告警信息:Linux: /etc/hosts  has been changed
告警时间:2023.07.31 10:53:17
事件ID:1023
------------------------------------------------------------
2023-07-31 21:18:14.976736    @all    发送成功
告警主机:nas0.hosts.songhu.wang
告警地址:fd01:101::ffff
监控项目:md5sum /etc/passwd
监控取值:030a35888a54368ba8ffec0145820d01  /etc/passwd
告警等级:Average
当前状态:PROBLEM
告警信息:Linux: /etc/passwd  has been changed
告警时间:2023.07.31 21:18:11
事件ID:1024
------------------------------------------------------------
2023-07-31 21:18:17.603438    @all    发送成功
告警主机:nas0.hosts.songhu.wang
告警地址:fd01:101::ffff
监控项目:md5sum /etc/group
监控取值:fdd7ccad420932f2fb16dfc12c9673c5  /etc/group
告警等级:Average
当前状态:PROBLEM
告警信息:Linux: /etc/group  has been changed
告警时间:2023.07.31 21:18:13
事件ID:1025
------------------------------------------------------------
2023-07-31 22:41:07.643656    @all    发送成功
告警主机:nas0.hosts.songhu.wang
告警地址:fd01:101::ffff
监控项目:md5sum /etc/group
监控取值:fdd7ccad420932f2fb16dfc12c9673c5  /etc/group
告警等级:Average
当前状态:OK
告警信息:Linux: /etc/group  has been changed
告警时间:2023.07.31 21:18:13
恢复时间:2023.07.31 22:41:05
持续时间:1h 22m 54s
事件ID:1025
------------------------------------------------------------
2023-07-31 22:41:16.553037    @all    发送成功
告警主机:nas0.hosts.songhu.wang
告警地址:fd01:101::ffff
监控项目:md5sum /etc/passwd
监控取值:030a35888a54368ba8ffec0145820d01  /etc/passwd
告警等级:Average
当前状态:OK
告警信息:Linux: /etc/passwd  has been changed
告警时间:2023.07.31 21:18:11
恢复时间:2023.07.31 22:41:15
持续时间:1h 23m 5s
事件ID:1024
------------------------------------------------------------
2023-07-31 22:53:21.389699    @all    发送成功
告警主机:nas0.hosts.songhu.wang
告警地址:fd01:101::ffff
监控项目:md5sum /etc/hosts
监控取值:66160f8f116ea41b350f9232072a1629  /etc/hosts
告警等级:Average
当前状态:PROBLEM
告警信息:Linux: /etc/hosts  has been changed
告警时间:2023.07.31 22:53:17
事件ID:1028
------------------------------------------------------------
2023-08-01 20:02:41.550651    @all    发送成功
告警主机:nas0.hosts.songhu.wang
告警地址:fd01:101::ffff
监控项目:md5sum /etc/hosts
监控取值:66160f8f116ea41b350f9232072a1629  /etc/hosts
告警等级:Average
当前状态:PROBLEM
告警信息:Linux: /etc/hosts  has been changed
告警时间:2023.07.31 10:53:17
恢复时间:2023.08.01 20:02:40
持续时间:1d 9h 9m 23s
事件ID:1023
------------------------------------------------------------
2023-08-01 20:02:47.044708    @all    发送成功
告警主机:nas0.hosts.songhu.wang
告警地址:fd01:101::ffff
监控项目:md5sum /etc/hosts
监控取值:66160f8f116ea41b350f9232072a1629  /etc/hosts
告警等级:Average
当前状态:OK
告警信息:Linux: /etc/hosts  has been changed
告警时间:2023.07.31 22:53:17
恢复时间:2023.08.01 20:02:45
持续时间:21h 9m 29s
事件ID:1028
------------------------------------------------------------
2023-08-01 20:44:17.883610    @all    发送成功
告警主机:nas0.hosts.songhu.wang
告警地址:fd01:101::ffff
监控项目:md5sum /etc/group
监控取值:a1e7dc26c859c5c43e1295a79d103732  /etc/group
告警等级:Average
当前状态:PROBLEM
告警信息:Linux: /etc/group  has been changed
告警时间:2023.08.01 20:44:13
事件ID:1037
------------------------------------------------------------
2023-08-02 07:02:44.226922    @all    发送成功
告警主机:nas0.hosts.songhu.wang
告警地址:fd01:101::ffff
监控项目:md5sum /etc/group
监控取值:a1e7dc26c859c5c43e1295a79d103732  /etc/group
告警等级:Average
当前状态:OK
告警信息:Linux: /etc/group  has been changed
告警时间:2023.08.01 20:44:13
恢复时间:2023.08.02 07:02:40
持续时间:10h 18m 30s
事件ID:1037
------------------------------------------------------------
2023-08-02 21:34:09.006243    @all    发送成功
告警主机:nas0.hosts.songhu.wang
告警地址:fd01:101::ffff
监控项目:/opt/apps/nextcloud: Space utilization
监控取值:88.61 %
告警等级:Warning
当前状态:PROBLEM
告警信息:/opt/apps/nextcloud: Disk space is low
告警时间:2023.08.02 21:34:06
事件ID:1053
------------------------------------------------------------
2023-08-02 21:37:11.762479    @all    发送成功
告警主机:nas0.hosts.songhu.wang
告警地址:fd01:101::ffff
监控项目:/opt/apps/nextcloud: Space utilization
监控取值:52.74 %
告警等级:Warning
当前状态:OK
告警信息:/opt/apps/nextcloud: Disk space is low
告警时间:2023.08.02 21:34:06
恢复时间:2023.08.02 21:37:06
持续时间:3m 4s
事件ID:1053
------------------------------------------------------------
2023-08-03 08:51:14.801296    @all    发送成功
告警主机:nas0.hosts.songhu.wang
告警地址:fd01:101::ffff
监控项目:md5sum /etc/passwd
监控取值:9b9feb0516fcf99be165626b33362a32  /etc/passwd
告警等级:Average
当前状态:PROBLEM
告警信息:Linux: /etc/passwd  has been changed
告警时间:2023.08.03 08:51:11
事件ID:1055
------------------------------------------------------------
2023-08-03 08:52:14.532914    @all    发送成功
告警主机:nas0.hosts.songhu.wang
告警地址:fd01:101::ffff
监控项目:md5sum /etc/passwd
监控取值:51ddfc7a7cb170a5251fb244d36c8798  /etc/passwd
告警等级:Average
当前状态:PROBLEM
告警信息:Linux: /etc/passwd  has been changed
告警时间:2023.08.03 08:52:11
事件ID:1056
------------------------------------------------------------
2023-08-04 18:51:54.347125    @all    发送成功
告警主机:nas0.hosts.songhu.wang
告警地址:fd01:101::ffff
监控项目:md5sum /etc/passwd
监控取值:51ddfc7a7cb170a5251fb244d36c8798  /etc/passwd
告警等级:Average
当前状态:PROBLEM
告警信息:Linux: /etc/passwd  has been changed
告警时间:2023.08.03 08:51:11
恢复时间:2023.08.04 18:51:50
持续时间:1d 10h 0m 41s
事件ID:1055
------------------------------------------------------------
2023-08-04 18:51:57.018457    @all    发送成功
告警主机:nas0.hosts.songhu.wang
告警地址:fd01:101::ffff
监控项目:md5sum /etc/passwd
监控取值:51ddfc7a7cb170a5251fb244d36c8798  /etc/passwd
告警等级:Average
当前状态:OK
告警信息:Linux: /etc/passwd  has been changed
告警时间:2023.08.03 08:52:11
恢复时间:2023.08.04 18:51:55
持续时间:1d 9h 59m 44s
事件ID:1056
------------------------------------------------------------
2023-08-04 18:59:32.489290    @all    发送成功
告警主机:nas0.hosts.songhu.wang
告警地址:fd01:101::ffff
监控项目:Linux: System uptime
监控取值:00:02:12
告警等级:Warning
当前状态:PROBLEM
告警信息:Linux: nas0.hosts.songhu.wang has been restarted
告警时间:2023.08.04 18:59:29
事件ID:1059
------------------------------------------------------------
2023-08-04 19:07:35.068291    @all    发送成功
告警主机:nas0.hosts.songhu.wang
告警地址:fd01:101::ffff
监控项目:Linux: System uptime
监控取值:00:10:12
告警等级:Warning
当前状态:OK
告警信息:Linux: nas0.hosts.songhu.wang has been restarted
告警时间:2023.08.04 18:59:29
恢复时间:2023.08.04 19:07:29
持续时间:8m 5s
事件ID:1059
------------------------------------------------------------
2023-08-04 21:11:23.468084    @all    发送成功
告警主机:nas0.hosts.songhu.wang
告警地址:fd01:101::ffff
监控项目:Linux: CPU utilization
监控取值:99.15 %
告警等级:Warning
当前状态:PROBLEM
告警信息:Linux: High CPU utilization
告警时间:2023.08.04 21:11:20
事件ID:1071
------------------------------------------------------------
2023-08-04 21:12:17.550047    @all    发送成功
告警主机:nas0.hosts.songhu.wang
告警地址:fd01:101::ffff
监控项目:Linux: Load average (1m avg)
监控取值:6.04
告警等级:Average
当前状态:PROBLEM
告警信息:Linux: Load average is too high
告警时间:2023.08.04 21:12:13
事件ID:1072
------------------------------------------------------------
2023-08-04 21:13:53.601916    @all    发送成功
告警主机:nas0.hosts.songhu.wang
告警地址:fd01:101::ffff
监控项目:Linux: Load average (1m avg)
监控取值:2.36
告警等级:Average
当前状态:OK
告警信息:Linux: Load average is too high
告警时间:2023.08.04 21:12:13
恢复时间:2023.08.04 21:13:50
持续时间:1m 39s
事件ID:1072
------------------------------------------------------------
2023-08-04 21:14:26.695178    @all    发送成功
告警主机:nas0.hosts.songhu.wang
告警地址:fd01:101::ffff
监控项目:Linux: CPU utilization
监控取值:38.65 %
告警等级:Warning
当前状态:OK
告警信息:Linux: High CPU utilization
告警时间:2023.08.04 21:11:20
恢复时间:2023.08.04 21:14:21
持续时间:3m 5s
事件ID:1071
------------------------------------------------------------
2023-08-04 22:40:19.000046    @all    发送成功
告警主机:nas0.hosts.songhu.wang
告警地址:fd01:101::ffff
监控项目:md5sum /etc/group
监控取值:5179fb2eb06261f6ce642f52629ff961  /etc/group
告警等级:Average
当前状态:PROBLEM
告警信息:Linux: /etc/group  has been changed
告警时间:2023.08.04 22:40:13
事件ID:1081
------------------------------------------------------------
2023-08-04 22:41:14.871421    @all    发送成功
告警主机:nas0.hosts.songhu.wang
告警地址:fd01:101::ffff
监控项目:md5sum /etc/passwd
监控取值:9115dc1d72d09ccb430d05d5873d128f  /etc/passwd
告警等级:Average
当前状态:PROBLEM
告警信息:Linux: /etc/passwd  has been changed
告警时间:2023.08.04 22:41:11
事件ID:1082
------------------------------------------------------------
2023-08-04 23:15:14.288780    @all    发送成功
告警主机:nas0.hosts.songhu.wang
告警地址:fd01:101::ffff
监控项目:md5sum /etc/passwd
监控取值:51ddfc7a7cb170a5251fb244d36c8798  /etc/passwd
告警等级:Average
当前状态:PROBLEM
告警信息:Linux: /etc/passwd  has been changed
告警时间:2023.08.04 23:15:11
事件ID:1083
------------------------------------------------------------
2023-08-04 23:15:18.339358    @all    发送成功
告警主机:nas0.hosts.songhu.wang
告警地址:fd01:101::ffff
监控项目:md5sum /etc/group
监控取值:a1e7dc26c859c5c43e1295a79d103732  /etc/group
告警等级:Average
当前状态:PROBLEM
告警信息:Linux: /etc/group  has been changed
告警时间:2023.08.04 23:15:13
事件ID:1084
------------------------------------------------------------
2023-08-04 23:21:34.746646    @all    发送成功
告警主机:nas0.hosts.songhu.wang
告警地址:fd01:101::ffff
监控项目:Linux: System uptime
监控取值:00:02:04
告警等级:Warning
当前状态:PROBLEM
告警信息:Linux: nas0.hosts.songhu.wang has been restarted
告警时间:2023.08.04 23:21:29
事件ID:1096
------------------------------------------------------------
2023-08-04 23:29:35.351224    @all    发送成功
告警主机:nas0.hosts.songhu.wang
告警地址:fd01:101::ffff
监控项目:Linux: System uptime
监控取值:00:10:04
告警等级:Warning
当前状态:OK
告警信息:Linux: nas0.hosts.songhu.wang has been restarted
告警时间:2023.08.04 23:21:29
恢复时间:2023.08.04 23:29:29
持续时间:8m 5s
事件ID:1096
------------------------------------------------------------
2023-08-05 07:13:26.873543    @all    发送成功
告警主机:nas0.hosts.songhu.wang
告警地址:fd01:101::ffff
监控项目:Linux: System uptime
监控取值:00:01:36
告警等级:Warning
当前状态:PROBLEM
告警信息:Linux: nas0.hosts.songhu.wang has been restarted
告警时间:2023.08.05 07:13:22
事件ID:1114
------------------------------------------------------------
2023-08-05 07:21:26.199772    @all    发送成功
告警主机:nas0.hosts.songhu.wang
告警地址:fd01:101::ffff
监控项目:Linux: Zabbix agent availability
监控取值:not available (0)
告警等级:Average
当前状态:PROBLEM
告警信息:Linux: Zabbix agent is not available
告警时间:2023.08.05 07:21:22
事件ID:1127
------------------------------------------------------------
2023-08-05 07:54:47.697827    @all    发送成功
告警主机:nas0.hosts.songhu.wang
告警地址:fd01:101::ffff
监控项目:Linux: System local time
监控取值:2023.08.05 07:18:35
告警等级:Warning
当前状态:PROBLEM
告警信息:Linux: System time is out of sync
告警时间:2023.08.05 07:54:43
事件ID:1130
------------------------------------------------------------
2023-08-05 07:55:27.688374    @all    发送成功
告警主机:nas0.hosts.songhu.wang
告警地址:fd01:101::ffff
监控项目:Linux: Zabbix agent availability
监控取值:available (1)
告警等级:Average
当前状态:OK
告警信息:Linux: Zabbix agent is not available
告警时间:2023.08.05 07:21:22
恢复时间:2023.08.05 07:55:22
持续时间:34m 4s
事件ID:1127
------------------------------------------------------------
2023-08-05 07:55:48.715891    @all    发送成功
告警主机:nas0.hosts.songhu.wang
告警地址:fd01:101::ffff
监控项目:Linux: System local time
监控取值:2023.08.05 07:55:45
告警等级:Warning
当前状态:OK
告警信息:Linux: System time is out of sync
告警时间:2023.08.05 07:54:43
恢复时间:2023.08.05 07:55:45
持续时间:1m 4s
事件ID:1130
------------------------------------------------------------
2023-08-05 08:03:32.323594    @all    发送成功
告警主机:nas0.hosts.songhu.wang
告警地址:fd01:101::ffff
监控项目:Linux: System uptime
监控取值:00:10:03
告警等级:Warning
当前状态:OK
告警信息:Linux: nas0.hosts.songhu.wang has been restarted
告警时间:2023.08.05 07:13:22
恢复时间:2023.08.05 08:03:29
持续时间:50m 9s
事件ID:1114
------------------------------------------------------------
2023-08-05 08:31:47.384072    @all    发送成功
告警主机:nas0.hosts.songhu.wang
告警地址:fd01:101::ffff
监控项目:Linux: Operating system
监控取值:Linux version 5.14.21-150500.55.12-default (geeko@buildhost) (gcc (SUSE Linux) 7.5.0, GNU ld (GNU Binutils; SUSE Linux Enterprise 15) 2.39.0.20220810-150100.7.40) #1 SMP PREEMPT_DYNAMIC Fri Jul 28 08:40:19 UTC 2023 (52c1db3)
告警等级:Information
当前状态:PROBLEM
告警信息:Linux: Operating system description has changed
告警时间:2023.08.05 08:31:43
事件ID:1158
------------------------------------------------------------
2023-08-05 08:38:55.850312    @all    发送成功
告警主机:nas0.hosts.songhu.wang
告警地址:fd01:101::ffff
监控项目:disk sdb power on time hours
监控取值:8362
告警等级:Information
当前状态:OK
告警信息:disk sdb power on time hours >1w hours
告警时间:2023.07.23 13:38:52
恢复时间:2023.08.05 08:38:52
持续时间:12d 19h 0m 3s
事件ID:736
------------------------------------------------------------
2023-08-05 08:38:58.875241    @all    发送成功
告警主机:nas0.hosts.songhu.wang
告警地址:fd01:101::ffff
监控项目:disk sdc power on time hours
监控取值:10306
告警等级:Information
当前状态:PROBLEM
告警信息:disk sdc power on time hours >1w hours
告警时间:2023.08.05 08:38:54
事件ID:1160
------------------------------------------------------------
2023-08-05 11:02:15.315984    @all    发送成功
告警主机:nas0.hosts.songhu.wang
告警地址:fd01:101::ffff
监控项目:md5sum /etc/passwd
监控取值:db3d4282eb942dfc48d5588714baa36c  /etc/passwd
告警等级:Average
当前状态:PROBLEM
告警信息:Linux: /etc/passwd  has been changed
告警时间:2023.08.05 11:02:11
事件ID:1161
------------------------------------------------------------
2023-08-05 11:02:18.337750    @all    发送成功
告警主机:nas0.hosts.songhu.wang
告警地址:fd01:101::ffff
监控项目:md5sum /etc/group
监控取值:ee7a2441803d9e34e57862de8db8df21  /etc/group
告警等级:Average
当前状态:PROBLEM
告警信息:Linux: /etc/group  has been changed
告警时间:2023.08.05 11:02:13
事件ID:1162
------------------------------------------------------------
2023-08-05 11:13:48.203287    @all    发送成功
告警主机:nas0.hosts.songhu.wang
告警地址:fd01:101::ffff
监控项目:md5sum /etc/group
监控取值:ee7a2441803d9e34e57862de8db8df21  /etc/group
告警等级:Average
当前状态:PROBLEM
告警信息:Linux: /etc/group  has been changed
告警时间:2023.08.04 22:40:13
恢复时间:2023.08.05 11:13:45
持续时间:12h 33m 34s
事件ID:1081
------------------------------------------------------------
2023-08-05 11:13:54.232331    @all    发送成功
告警主机:nas0.hosts.songhu.wang
告警地址:fd01:101::ffff
监控项目:md5sum /etc/passwd
监控取值:db3d4282eb942dfc48d5588714baa36c  /etc/passwd
告警等级:Average
当前状态:PROBLEM
告警信息:Linux: /etc/passwd  has been changed
告警时间:2023.08.04 23:15:11
恢复时间:2023.08.05 11:13:50
持续时间:11h 58m 42s
事件ID:1083
------------------------------------------------------------
2023-08-05 11:14:02.222613    @all    发送成功
告警主机:nas0.hosts.songhu.wang
告警地址:fd01:101::ffff
监控项目:md5sum /etc/group
监控取值:ee7a2441803d9e34e57862de8db8df21  /etc/group
告警等级:Average
当前状态:PROBLEM
告警信息:Linux: /etc/group  has been changed
告警时间:2023.08.04 23:15:13
恢复时间:2023.08.05 11:14:00
持续时间:11h 58m 48s
事件ID:1084
------------------------------------------------------------
2023-08-05 11:14:23.256382    @all    发送成功
告警主机:nas0.hosts.songhu.wang
告警地址:fd01:101::ffff
监控项目:md5sum /etc/group
监控取值:ee7a2441803d9e34e57862de8db8df21  /etc/group
告警等级:Average
当前状态:OK
告警信息:Linux: /etc/group  has been changed
告警时间:2023.08.05 11:02:13
恢复时间:2023.08.05 11:14:20
持续时间:12m 9s
事件ID:1162
------------------------------------------------------------
2023-08-05 11:14:44.268103    @all    发送成功
告警主机:nas0.hosts.songhu.wang
告警地址:fd01:101::ffff
监控项目:md5sum /etc/passwd
监控取值:db3d4282eb942dfc48d5588714baa36c  /etc/passwd
告警等级:Average
当前状态:PROBLEM
告警信息:Linux: /etc/passwd  has been changed
告警时间:2023.08.05 11:02:11
恢复时间:2023.08.05 11:14:40
持续时间:12m 32s
事件ID:1161
------------------------------------------------------------
2023-08-05 11:15:57.366175    @all    发送成功
告警主机:nas0.hosts.songhu.wang
告警地址:fd01:101::ffff
监控项目:Linux: Operating system
监控取值:Linux version 5.14.21-150500.55.12-default (geeko@buildhost) (gcc (SUSE Linux) 7.5.0, GNU ld (GNU Binutils; SUSE Linux Enterprise 15) 2.39.0.20220810-150100.7.40) #1 SMP PREEMPT_DYNAMIC Fri Jul 28 08:40:19 UTC 2023 (52c1db3)
告警等级:Information
当前状态:OK
告警信息:Linux: Operating system description has changed
告警时间:2023.08.05 08:31:43
恢复时间:2023.08.05 11:15:55
持续时间:2h 44m 13s
事件ID:1158
------------------------------------------------------------
2023-08-05 11:21:17.790603    @all    发送成功
告警主机:nas0.hosts.songhu.wang
告警地址:fd01:101::ffff
监控项目:md5sum /etc/group
监控取值:0e13ccf6bcd120fcd7be7916c51a637e  /etc/group
告警等级:Average
当前状态:PROBLEM
告警信息:Linux: /etc/group  has been changed
告警时间:2023.08.05 11:21:13
事件ID:1169